Project migration to XML Schema (XSD) version 104 is completed.
Project migration to XML Schema (XSD) version 105 is completed.
Project migration to XML Schema (XSD) version 106 is completed.
Project migration to XML Schema (XSD) version 107 is completed.
Project migration to XML Schema (XSD) version 108 is completed.
Project migration to XML Schema (XSD) version 109 is completed.
Project migration to XML Schema (XSD) version 110 is completed.
The Plug-in 'Wwise Motion' was not found for '\Audio Devices\Default Work Unit\Default_Motion_Device'. Edition and playback won't be available for this object.
'\Audio Devices\Default Work Unit\Default_Motion_Device' uses the audio device plugin 'Wwise Motion', which is not installed.
The Plug-in 'Wwise Motion Source' was not found for '\Actor-Mixer Hierarchy\Factory Motion\Motion Factory Assets\Basic\Double Click\Down Double Click\Down Double Click Strong\Wwise Motion Source'. Edition and playback won't be available for this object.
The source '\Actor-Mixer Hierarchy\Factory Motion\Motion Factory Assets\Basic\Double Click\Down Double Click\Down Double Click Strong\Wwise Motion Source' uses the source plugin 'Wwise Motion Source', which is not installed.
The Plug-in 'Wwise Motion Source' was not found for '\Actor-Mixer Hierarchy\Factory Motion\Motion Factory Assets\Basic\Double Click\Down Double Click\Down Double Click Soft\Wwise Motion Source'. Edition and playback won't be available for this object.
The source '\Actor-Mixer Hierarchy\Factory Motion\Motion Factory Assets\Basic\Double Click\Down Double Click\Down Double Click Soft\Wwise Motion Source' uses the source plugin 'Wwise Motion Source', which is not installed.
The Plug-in 'Wwise Motion Source' was not found for '\Actor-Mixer Hierarchy\Factory Motion\Motion Factory Assets\Basic\Double Click\Down Double Click\Down Double Click Moderate\Wwise Motion Source'. Edition and playback won't be available for this object.
The source '\Actor-Mixer Hierarchy\Factory Motion\Motion Factory Assets\Basic\Double Click\Down Double Click\Down Double Click Moderate\Wwise Motion Source' uses the source plugin 'Wwise Motion Source', which is not installed.
The Plug-in 'Wwise Motion Source' was not found for '\Actor-Mixer Hierarchy\Factory Motion\Motion Factory Assets\Basic\Double Click\Up Double Click\Up Double Click Strong\Wwise Motion Source'. Edition and playback won't be available for this object.
The source '\Actor-Mixer Hierarchy\Factory Motion\Motion Factory Assets\Basic\Double Click\Up Double Click\Up Double Click Strong\Wwise Motion Source' uses the source plugin 'Wwise Motion Source', which is not installed.
The Plug-in 'Wwise Motion Source' was not found for '\Actor-Mixer Hierarchy\Factory Motion\Motion Factory Assets\Basic\Double Click\Up Double Click\Up Double Click Soft\Wwise Motion Source'. Edition and playback won't be available for this object.
The source '\Actor-Mixer Hierarchy\Factory Motion\Motion Factory Assets\Basic\Double Click\Up Double Click\Up Double Click Soft\Wwise Motion Source' uses the source plugin 'Wwise Motion Source', which is not installed.
The Plug-in 'Wwise Motion Source' was not found for '\Actor-Mixer Hierarchy\Factory Motion\Motion Factory Assets\Basic\Double Click\Up Double Click\Up Double Click Moderate\Wwise Motion Source'. Edition and playback won't be available for this object.
The source '\Actor-Mixer Hierarchy\Factory Motion\Motion Factory Assets\Basic\Double Click\Up Double Click\Up Double Click Moderate\Wwise Motion Source' uses the source plugin 'Wwise Motion Source', which is not installed.
The Plug-in 'Wwise Motion Source' was not found for '\Actor-Mixer Hierarchy\Factory Motion\Motion Factory Assets\Basic\Long Press\Long Press Soft\Wwise Motion Source'. Edition and playback won't be available for this object.
The source '\Actor-Mixer Hierarchy\Factory Motion\Motion Factory Assets\Basic\Long Press\Long Press Soft\Wwise Motion Source' uses the source plugin 'Wwise Motion Source', which is not installed.
The Plug-in 'Wwise Motion Source' was not found for '\Actor-Mixer Hierarchy\Factory Motion\Motion Factory Assets\Basic\Long Press\Long Press Moderate\Wwise Motion Source'. Edition and playback won't be available for this object.
The source '\Actor-Mixer Hierarchy\Factory Motion\Motion Factory Assets\Basic\Long Press\Long Press Moderate\Wwise Motion Source' uses the source plugin 'Wwise Motion Source', which is not installed.
The Plug-in 'Wwise Motion Source' was not found for '\Actor-Mixer Hierarchy\Factory Motion\Motion Factory Assets\Basic\Long Press\Long Press Strong\Wwise Motion Source'. Edition and playback won't be available for this object.
The source '\Actor-Mixer Hierarchy\Factory Motion\Motion Factory Assets\Basic\Long Press\Long Press Strong\Wwise Motion Source' uses the source plugin 'Wwise Motion Source', which is not installed.
The Plug-in 'Wwise Motion Source' was not found for '\Actor-Mixer Hierarchy\Factory Motion\Motion Factory Assets\Basic\Slide\Long Slide\Long Slide Soft\Wwise Motion Source'. Edition and playback won't be available for this object.
The source '\Actor-Mixer Hierarchy\Factory Motion\Motion Factory Assets\Basic\Slide\Long Slide\Long Slide Soft\Wwise Motion Source' uses the source plugin 'Wwise Motion Source', which is not installed.
The Plug-in 'Wwise Motion Source' was not found for '\Actor-Mixer Hierarchy\Factory Motion\Motion Factory Assets\Basic\Slide\Long Slide\Long Slide Moderate\Wwise Motion Source'. Edition and playback won't be available for this object.
The source '\Actor-Mixer Hierarchy\Factory Motion\Motion Factory Assets\Basic\Slide\Long Slide\Long Slide Moderate\Wwise Motion Source' uses the source plugin 'Wwise Motion Source', which is not installed.
The Plug-in 'Wwise Motion Source' was not found for '\Actor-Mixer Hierarchy\Factory Motion\Motion Factory Assets\Basic\Slide\Long Slide\Long Slide Strong\Wwise Motion Source'. Edition and playback won't be available for this object.
The source '\Actor-Mixer Hierarchy\Factory Motion\Motion Factory Assets\Basic\Slide\Long Slide\Long Slide Strong\Wwise Motion Source' uses the source plugin 'Wwise Motion Source', which is not installed.
The Plug-in 'Wwise Motion Source' was not found for '\Actor-Mixer Hierarchy\Factory Motion\Motion Factory Assets\Basic\Slide\Short Slide\Short Slide Soft\Wwise Motion Source'. Edition and playback won't be available for this object.
The source '\Actor-Mixer Hierarchy\Factory Motion\Motion Factory Assets\Basic\Slide\Short Slide\Short Slide Soft\Wwise Motion Source' uses the source plugin 'Wwise Motion Source', which is not installed.
The Plug-in 'Wwise Motion Source' was not found for '\Actor-Mixer Hierarchy\Factory Motion\Motion Factory Assets\Basic\Slide\Short Slide\Short Slide Moderate\Wwise Motion Source'. Edition and playback won't be available for this object.
The source '\Actor-Mixer Hierarchy\Factory Motion\Motion Factory Assets\Basic\Slide\Short Slide\Short Slide Moderate\Wwise Motion Source' uses the source plugin 'Wwise Motion Source', which is not installed.
The Plug-in 'Wwise Motion Source' was not found for '\Actor-Mixer Hierarchy\Factory Motion\Motion Factory Assets\Basic\Slide\Short Slide\Short Slide Strong\Wwise Motion Source'. Edition and playback won't be available for this object.
The source '\Actor-Mixer Hierarchy\Factory Motion\Motion Factory Assets\Basic\Slide\Short Slide\Short Slide Strong\Wwise Motion Source' uses the source plugin 'Wwise Motion Source', which is not installed.
The Plug-in 'Wwise Motion Source' was not found for '\Actor-Mixer Hierarchy\Factory Motion\Motion Factory Assets\Basic\Multiple Clicks\Multiple Clicks Soft\Wwise Motion Source'. Edition and playback won't be available for this object.
The source '\Actor-Mixer Hierarchy\Factory Motion\Motion Factory Assets\Basic\Multiple Clicks\Multiple Clicks Soft\Wwise Motion Source' uses the source plugin 'Wwise Motion Source', which is not installed.
The Plug-in 'Wwise Motion Source' was not found for '\Actor-Mixer Hierarchy\Factory Motion\Motion Factory Assets\Basic\Multiple Clicks\Multiple Clicks Moderate\Wwise Motion Source'. Edition and playback won't be available for this object.
The source '\Actor-Mixer Hierarchy\Factory Motion\Motion Factory Assets\Basic\Multiple Clicks\Multiple Clicks Moderate\Wwise Motion Source' uses the source plugin 'Wwise Motion Source', which is not installed.
The Plug-in 'Wwise Motion Source' was not found for '\Actor-Mixer Hierarchy\Factory Motion\Motion Factory Assets\Basic\Multiple Clicks\Multiple Clicks Strong\Wwise Motion Source'. Edition and playback won't be available for this object.
The source '\Actor-Mixer Hierarchy\Factory Motion\Motion Factory Assets\Basic\Multiple Clicks\Multiple Clicks Strong\Wwise Motion Source' uses the source plugin 'Wwise Motion Source', which is not installed.
The Plug-in 'Wwise Motion Source' was not found for '\Actor-Mixer Hierarchy\Factory Motion\Motion Factory Assets\Basic\Basic Loop\Loop Soft\Wwise Motion Source'. Edition and playback won't be available for this object.
The source '\Actor-Mixer Hierarchy\Factory Motion\Motion Factory Assets\Basic\Basic Loop\Loop Soft\Wwise Motion Source' uses the source plugin 'Wwise Motion Source', which is not installed.
The Plug-in 'Wwise Motion Source' was not found for '\Actor-Mixer Hierarchy\Factory Motion\Motion Factory Assets\Basic\Basic Loop\Loop Moderate\Wwise Motion Source'. Edition and playback won't be available for this object.
The source '\Actor-Mixer Hierarchy\Factory Motion\Motion Factory Assets\Basic\Basic Loop\Loop Moderate\Wwise Motion Source' uses the source plugin 'Wwise Motion Source', which is not installed.
The Plug-in 'Wwise Motion Source' was not found for '\Actor-Mixer Hierarchy\Factory Motion\Motion Factory Assets\Basic\Basic Loop\Loop Strong\Wwise Motion Source'. Edition and playback won't be available for this object.
The source '\Actor-Mixer Hierarchy\Factory Motion\Motion Factory Assets\Basic\Basic Loop\Loop Strong\Wwise Motion Source' uses the source plugin 'Wwise Motion Source', which is not installed.
The Plug-in 'Wwise Motion Source' was not found for '\Actor-Mixer Hierarchy\Factory Motion\Motion Factory Assets\Basic\Single Click\Single Click Strong\Wwise Motion Source'. Edition and playback won't be available for this object.
The source '\Actor-Mixer Hierarchy\Factory Motion\Motion Factory Assets\Basic\Single Click\Single Click Strong\Wwise Motion Source' uses the source plugin 'Wwise Motion Source', which is not installed.
The Plug-in 'Wwise Motion Source' was not found for '\Actor-Mixer Hierarchy\Factory Motion\Motion Factory Assets\Basic\Single Click\Single Click Moderate\Wwise Motion Source'. Edition and playback won't be available for this object.
The source '\Actor-Mixer Hierarchy\Factory Motion\Motion Factory Assets\Basic\Single Click\Single Click Moderate\Wwise Motion Source' uses the source plugin 'Wwise Motion Source', which is not installed.
The Plug-in 'Wwise Motion Source' was not found for '\Actor-Mixer Hierarchy\Factory Motion\Motion Factory Assets\Basic\Single Click\Single Click Soft\Wwise Motion Source'. Edition and playback won't be available for this object.
The source '\Actor-Mixer Hierarchy\Factory Motion\Motion Factory Assets\Basic\Single Click\Single Click Soft\Wwise Motion Source' uses the source plugin 'Wwise Motion Source', which is not installed.
The Plug-in 'Wwise Motion Source' was not found for '\Actor-Mixer Hierarchy\Factory Motion\Motion Factory Assets\Context\Military\Artilery\Wwise Motion Source'. Edition and playback won't be available for this object.
The source '\Actor-Mixer Hierarchy\Factory Motion\Motion Factory Assets\Context\Military\Artilery\Wwise Motion Source' uses the source plugin 'Wwise Motion Source', which is not installed.
The Plug-in 'Wwise Motion Source' was not found for '\Actor-Mixer Hierarchy\Factory Motion\Motion Factory Assets\Context\Military\Landing\Wwise Motion Source'. Edition and playback won't be available for this object.
The source '\Actor-Mixer Hierarchy\Factory Motion\Motion Factory Assets\Context\Military\Landing\Wwise Motion Source' uses the source plugin 'Wwise Motion Source', which is not installed.
The Plug-in 'Wwise Motion Source' was not found for '\Actor-Mixer Hierarchy\Factory Motion\Motion Factory Assets\Context\Military\Assault Loop\Wwise Motion Source'. Edition and playback won't be available for this object.
The source '\Actor-Mixer Hierarchy\Factory Motion\Motion Factory Assets\Context\Military\Assault Loop\Wwise Motion Source' uses the source plugin 'Wwise Motion Source', which is not installed.
The Plug-in 'Wwise Motion Source' was not found for '\Actor-Mixer Hierarchy\Factory Motion\Motion Factory Assets\Context\Military\Punch\Wwise Motion Source'. Edition and playback won't be available for this object.
The source '\Actor-Mixer Hierarchy\Factory Motion\Motion Factory Assets\Context\Military\Punch\Wwise Motion Source' uses the source plugin 'Wwise Motion Source', which is not installed.
The Plug-in 'Wwise Motion Source' was not found for '\Actor-Mixer Hierarchy\Factory Motion\Motion Factory Assets\Context\Military\Gunshot\Wwise Motion Source'. Edition and playback won't be available for this object.
The source '\Actor-Mixer Hierarchy\Factory Motion\Motion Factory Assets\Context\Military\Gunshot\Wwise Motion Source' uses the source plugin 'Wwise Motion Source', which is not installed.
The Plug-in 'Wwise Motion Source' was not found for '\Actor-Mixer Hierarchy\Factory Motion\Motion Factory Assets\Context\Military\Reload\Wwise Motion Source'. Edition and playback won't be available for this object.
The source '\Actor-Mixer Hierarchy\Factory Motion\Motion Factory Assets\Context\Military\Reload\Wwise Motion Source' uses the source plugin 'Wwise Motion Source', which is not installed.
The Plug-in 'Wwise Motion Source' was not found for '\Actor-Mixer Hierarchy\Factory Motion\Motion Factory Assets\Context\Vehicle\Car Crash Strong\Wwise Motion Source'. Edition and playback won't be available for this object.
The source '\Actor-Mixer Hierarchy\Factory Motion\Motion Factory Assets\Context\Vehicle\Car Crash Strong\Wwise Motion Source' uses the source plugin 'Wwise Motion Source', which is not installed.
The Plug-in 'Wwise Motion Source' was not found for '\Actor-Mixer Hierarchy\Factory Motion\Motion Factory Assets\Context\Vehicle\Off-Road Dirt\Wwise Motion Source'. Edition and playback won't be available for this object.
The source '\Actor-Mixer Hierarchy\Factory Motion\Motion Factory Assets\Context\Vehicle\Off-Road Dirt\Wwise Motion Source' uses the source plugin 'Wwise Motion Source', which is not installed.
The Plug-in 'Wwise Motion Source' was not found for '\Actor-Mixer Hierarchy\Factory Motion\Motion Factory Assets\Context\Vehicle\Car Crash Moderate\Wwise Motion Source'. Edition and playback won't be available for this object.
The source '\Actor-Mixer Hierarchy\Factory Motion\Motion Factory Assets\Context\Vehicle\Car Crash Moderate\Wwise Motion Source' uses the source plugin 'Wwise Motion Source', which is not installed.
The Plug-in 'Wwise Motion Source' was not found for '\Actor-Mixer Hierarchy\Factory Motion\Motion Factory Assets\Context\Vehicle\Contact\Wwise Motion Source'. Edition and playback won't be available for this object.
The source '\Actor-Mixer Hierarchy\Factory Motion\Motion Factory Assets\Context\Vehicle\Contact\Wwise Motion Source' uses the source plugin 'Wwise Motion Source', which is not installed.
The Plug-in 'Wwise Motion Source' was not found for '\Actor-Mixer Hierarchy\Factory Motion\Motion Factory Assets\Context\Vehicle\Car Crash Soft\Wwise Motion Source'. Edition and playback won't be available for this object.
The source '\Actor-Mixer Hierarchy\Factory Motion\Motion Factory Assets\Context\Vehicle\Car Crash Soft\Wwise Motion Source' uses the source plugin 'Wwise Motion Source', which is not installed.
The Plug-in 'Wwise Motion Source' was not found for '\Actor-Mixer Hierarchy\Factory Motion\Motion Factory Assets\Context\Vehicle\Parametrized RPM\Wwise Motion Source'. Edition and playback won't be available for this object.
The source '\Actor-Mixer Hierarchy\Factory Motion\Motion Factory Assets\Context\Vehicle\Parametrized RPM\Wwise Motion Source' uses the source plugin 'Wwise Motion Source', which is not installed.
The Plug-in 'Wwise Motion Source' was not found for '\Actor-Mixer Hierarchy\Factory Motion\Motion Factory Assets\Context\Vehicle\Off-Road Concrete\Wwise Motion Source'. Edition and playback won't be available for this object.
The source '\Actor-Mixer Hierarchy\Factory Motion\Motion Factory Assets\Context\Vehicle\Off-Road Concrete\Wwise Motion Source' uses the source plugin 'Wwise Motion Source', which is not installed.
The Plug-in 'Wwise Motion Source' was not found for '\Actor-Mixer Hierarchy\Factory Motion\Motion Factory Assets\Context\Vehicle\Off-Road Grass\Wwise Motion Source'. Edition and playback won't be available for this object.
The source '\Actor-Mixer Hierarchy\Factory Motion\Motion Factory Assets\Context\Vehicle\Off-Road Grass\Wwise Motion Source' uses the source plugin 'Wwise Motion Source', which is not installed.
The Plug-in 'Wwise Motion Source' was not found for '\Actor-Mixer Hierarchy\Factory Motion\Motion Factory Assets\Context\SFX\Long Impact\Wwise Motion Source'. Edition and playback won't be available for this object.
The source '\Actor-Mixer Hierarchy\Factory Motion\Motion Factory Assets\Context\SFX\Long Impact\Wwise Motion Source' uses the source plugin 'Wwise Motion Source', which is not installed.
The Plug-in 'Wwise Motion Source' was not found for '\Actor-Mixer Hierarchy\Factory Motion\Motion Factory Assets\Context\SFX\Short Impact\Wwise Motion Source'. Edition and playback won't be available for this object.
The source '\Actor-Mixer Hierarchy\Factory Motion\Motion Factory Assets\Context\SFX\Short Impact\Wwise Motion Source' uses the source plugin 'Wwise Motion Source', which is not installed.
The Plug-in 'Wwise Motion Source' was not found for '\Actor-Mixer Hierarchy\Factory Motion\Motion Factory Assets\Context\SFX\Explosion\Wwise Motion Source'. Edition and playback won't be available for this object.
The source '\Actor-Mixer Hierarchy\Factory Motion\Motion Factory Assets\Context\SFX\Explosion\Wwise Motion Source' uses the source plugin 'Wwise Motion Source', which is not installed.
The Plug-in 'Wwise Motion Source' was not found for '\Actor-Mixer Hierarchy\Factory Motion\Motion Factory Assets\Context\Interaction\Pick Up Item\Wwise Motion Source'. Edition and playback won't be available for this object.
The source '\Actor-Mixer Hierarchy\Factory Motion\Motion Factory Assets\Context\Interaction\Pick Up Item\Wwise Motion Source' uses the source plugin 'Wwise Motion Source', which is not installed.
The Plug-in 'Wwise Motion Source' was not found for '\Actor-Mixer Hierarchy\Factory Motion\Motion Factory Assets\Context\Interaction\Open Vault\Wwise Motion Source'. Edition and playback won't be available for this object.
The source '\Actor-Mixer Hierarchy\Factory Motion\Motion Factory Assets\Context\Interaction\Open Vault\Wwise Motion Source' uses the source plugin 'Wwise Motion Source', which is not installed.
The Plug-in 'Wwise Motion Source' was not found for '\Actor-Mixer Hierarchy\Factory Motion\Motion Factory Assets\Context\Interaction\Open Door\Wwise Motion Source'. Edition and playback won't be available for this object.
The source '\Actor-Mixer Hierarchy\Factory Motion\Motion Factory Assets\Context\Interaction\Open Door\Wwise Motion Source' uses the source plugin 'Wwise Motion Source', which is not installed.
The Plug-in 'Wwise Motion Source' was not found for '\Actor-Mixer Hierarchy\Factory Motion\Motion Factory Assets\Context\Interaction\Drop Item\Wwise Motion Source'. Edition and playback won't be available for this object.
The source '\Actor-Mixer Hierarchy\Factory Motion\Motion Factory Assets\Context\Interaction\Drop Item\Wwise Motion Source' uses the source plugin 'Wwise Motion Source', which is not installed.
The Plug-in 'Wwise Motion Source' was not found for '\Actor-Mixer Hierarchy\Factory Motion\Motion Factory Assets\Context\Variation\Martial March\Wwise Motion Source'. Edition and playback won't be available for this object.
The source '\Actor-Mixer Hierarchy\Factory Motion\Motion Factory Assets\Context\Variation\Martial March\Wwise Motion Source' uses the source plugin 'Wwise Motion Source', which is not installed.
The Plug-in 'Wwise Motion Source' was not found for '\Actor-Mixer Hierarchy\Factory Motion\Motion Factory Assets\Context\Variation\Heartbeat\Wwise Motion Source'. Edition and playback won't be available for this object.
The source '\Actor-Mixer Hierarchy\Factory Motion\Motion Factory Assets\Context\Variation\Heartbeat\Wwise Motion Source' uses the source plugin 'Wwise Motion Source', which is not installed.
The Plug-in 'Wwise Motion Source' was not found for '\Actor-Mixer Hierarchy\Factory Motion\Motion Factory Assets\Context\Variation\Phone Call\Wwise Motion Source'. Edition and playback won't be available for this object.
The source '\Actor-Mixer Hierarchy\Factory Motion\Motion Factory Assets\Context\Variation\Phone Call\Wwise Motion Source' uses the source plugin 'Wwise Motion Source', which is not installed.
The Plug-in 'Wwise Motion Source' was not found for '\Actor-Mixer Hierarchy\Factory Motion\Motion Factory Assets\Context\Variation\Rollercoaster\Wwise Motion Source'. Edition and playback won't be available for this object.
The source '\Actor-Mixer Hierarchy\Factory Motion\Motion Factory Assets\Context\Variation\Rollercoaster\Wwise Motion Source' uses the source plugin 'Wwise Motion Source', which is not installed.
The Plug-in 'Wwise Motion Source' was not found for '\Actor-Mixer Hierarchy\Factory Motion\Motion Factory Assets\Complex\Loud And Proud\Wwise Motion Source'. Edition and playback won't be available for this object.
The source '\Actor-Mixer Hierarchy\Factory Motion\Motion Factory Assets\Complex\Loud And Proud\Wwise Motion Source' uses the source plugin 'Wwise Motion Source', which is not installed.
The Plug-in 'Wwise Motion Source' was not found for '\Actor-Mixer Hierarchy\Factory Motion\Motion Factory Assets\Complex\MultiRamp\Wwise Motion Source'. Edition and playback won't be available for this object.
The source '\Actor-Mixer Hierarchy\Factory Motion\Motion Factory Assets\Complex\MultiRamp\Wwise Motion Source' uses the source plugin 'Wwise Motion Source', which is not installed.
The Plug-in 'Wwise Motion Source' was not found for '\Actor-Mixer Hierarchy\Factory Motion\Motion Factory Assets\Complex\Oscillation\Wwise Motion Source'. Edition and playback won't be available for this object.
The source '\Actor-Mixer Hierarchy\Factory Motion\Motion Factory Assets\Complex\Oscillation\Wwise Motion Source' uses the source plugin 'Wwise Motion Source', which is not installed.
The Plug-in 'Wwise Motion Source' was not found for '\Actor-Mixer Hierarchy\Factory Motion\Motion Factory Assets\Complex\Dazed And Confused\Wwise Motion Source'. Edition and playback won't be available for this object.
The source '\Actor-Mixer Hierarchy\Factory Motion\Motion Factory Assets\Complex\Dazed And Confused\Wwise Motion Source' uses the source plugin 'Wwise Motion Source', which is not installed.
The Plug-in 'Wwise Motion Source' was not found for '\Actor-Mixer Hierarchy\Factory Motion\Motion Factory Assets\Complex\Shredded Peaks\Wwise Motion Source'. Edition and playback won't be available for this object.
The source '\Actor-Mixer Hierarchy\Factory Motion\Motion Factory Assets\Complex\Shredded Peaks\Wwise Motion Source' uses the source plugin 'Wwise Motion Source', which is not installed.
The Plug-in 'Wwise Motion Source' was not found for '\Actor-Mixer Hierarchy\Factory Motion\Motion Factory Assets\Complex\Dancing With The Actuators\Wwise Motion Source'. Edition and playback won't be available for this object.
The source '\Actor-Mixer Hierarchy\Factory Motion\Motion Factory Assets\Complex\Dancing With The Actuators\Wwise Motion Source' uses the source plugin 'Wwise Motion Source', which is not installed.
The Plug-in 'Wwise Motion Source' was not found for '\Actor-Mixer Hierarchy\Factory Motion\Motion Factory Assets\Complex\Crossfaders\Wwise Motion Source'. Edition and playback won't be available for this object.
The source '\Actor-Mixer Hierarchy\Factory Motion\Motion Factory Assets\Complex\Crossfaders\Wwise Motion Source' uses the source plugin 'Wwise Motion Source', which is not installed.
The Plug-in 'Wwise Motion Source' was not found for '\Actor-Mixer Hierarchy\Factory Motion\Motion Factory Assets\Complex\Question Answer\Wwise Motion Source'. Edition and playback won't be available for this object.
The source '\Actor-Mixer Hierarchy\Factory Motion\Motion Factory Assets\Complex\Question Answer\Wwise Motion Source' uses the source plugin 'Wwise Motion Source', which is not installed.
The Plug-in 'Wwise Motion Source' was not found for '\Actor-Mixer Hierarchy\Factory Motion\Motion Factory Assets\Complex\Interference\Wwise Motion Source'. Edition and playback won't be available for this object.
The source '\Actor-Mixer Hierarchy\Factory Motion\Motion Factory Assets\Complex\Interference\Wwise Motion Source' uses the source plugin 'Wwise Motion Source', which is not installed.
The Plug-in 'Wwise Motion Source' was not found for '\Actor-Mixer Hierarchy\Factory Motion\Motion Factory Assets\Complex\Sudden Steeps\Wwise Motion Source'. Edition and playback won't be available for this object.
The source '\Actor-Mixer Hierarchy\Factory Motion\Motion Factory Assets\Complex\Sudden Steeps\Wwise Motion Source' uses the source plugin 'Wwise Motion Source', which is not installed.
The Plug-in 'Wwise Motion Source' was not found for '\Actor-Mixer Hierarchy\Factory Motion\Motion Factory Assets\Ramps\Sweep\Sweep Up\Long Sweep Up\Wwise Motion Source'. Edition and playback won't be available for this object.
The source '\Actor-Mixer Hierarchy\Factory Motion\Motion Factory Assets\Ramps\Sweep\Sweep Up\Long Sweep Up\Wwise Motion Source' uses the source plugin 'Wwise Motion Source', which is not installed.
The Plug-in 'Wwise Motion Source' was not found for '\Actor-Mixer Hierarchy\Factory Motion\Motion Factory Assets\Ramps\Sweep\Sweep Up\Short Sweep Up\Wwise Motion Source'. Edition and playback won't be available for this object.
The source '\Actor-Mixer Hierarchy\Factory Motion\Motion Factory Assets\Ramps\Sweep\Sweep Up\Short Sweep Up\Wwise Motion Source' uses the source plugin 'Wwise Motion Source', which is not installed.
The Plug-in 'Wwise Motion Source' was not found for '\Actor-Mixer Hierarchy\Factory Motion\Motion Factory Assets\Ramps\Sweep\Sweep Down\Long Sweep Down\Wwise Motion Source'. Edition and playback won't be available for this object.
The source '\Actor-Mixer Hierarchy\Factory Motion\Motion Factory Assets\Ramps\Sweep\Sweep Down\Long Sweep Down\Wwise Motion Source' uses the source plugin 'Wwise Motion Source', which is not installed.
The Plug-in 'Wwise Motion Source' was not found for '\Actor-Mixer Hierarchy\Factory Motion\Motion Factory Assets\Ramps\Sweep\Sweep Down\Short Sweep Down\Wwise Motion Source'. Edition and playback won't be available for this object.
The source '\Actor-Mixer Hierarchy\Factory Motion\Motion Factory Assets\Ramps\Sweep\Sweep Down\Short Sweep Down\Wwise Motion Source' uses the source plugin 'Wwise Motion Source', which is not installed.
The Plug-in 'Wwise Motion Source' was not found for '\Actor-Mixer Hierarchy\Factory Motion\Motion Factory Assets\Ramps\Lifter\Uplifter\Short Uplifter\Wwise Motion Source'. Edition and playback won't be available for this object.
The source '\Actor-Mixer Hierarchy\Factory Motion\Motion Factory Assets\Ramps\Lifter\Uplifter\Short Uplifter\Wwise Motion Source' uses the source plugin 'Wwise Motion Source', which is not installed.
The Plug-in 'Wwise Motion Source' was not found for '\Actor-Mixer Hierarchy\Factory Motion\Motion Factory Assets\Ramps\Lifter\Uplifter\Long Uplifter\Wwise Motion Source'. Edition and playback won't be available for this object.
The source '\Actor-Mixer Hierarchy\Factory Motion\Motion Factory Assets\Ramps\Lifter\Uplifter\Long Uplifter\Wwise Motion Source' uses the source plugin 'Wwise Motion Source', which is not installed.
The Plug-in 'Wwise Motion Source' was not found for '\Actor-Mixer Hierarchy\Factory Motion\Motion Factory Assets\Ramps\Lifter\Downlifter\Short Downlifter\Wwise Motion Source'. Edition and playback won't be available for this object.
The source '\Actor-Mixer Hierarchy\Factory Motion\Motion Factory Assets\Ramps\Lifter\Downlifter\Short Downlifter\Wwise Motion Source' uses the source plugin 'Wwise Motion Source', which is not installed.
The Plug-in 'Wwise Motion Source' was not found for '\Actor-Mixer Hierarchy\Factory Motion\Motion Factory Assets\Ramps\Lifter\Downlifter\Long Downlifter\Wwise Motion Source'. Edition and playback won't be available for this object.
The source '\Actor-Mixer Hierarchy\Factory Motion\Motion Factory Assets\Ramps\Lifter\Downlifter\Long Downlifter\Wwise Motion Source' uses the source plugin 'Wwise Motion Source', which is not installed.
The Plug-in 'Wwise Motion Source' was not found for '\Actor-Mixer Hierarchy\Factory Motion\Motion Factory Assets\Ramps\Stutter Ramps\Stutter Ramps Up\Short Stutter Ramps Up\Wwise Motion Source'. Edition and playback won't be available for this object.
The source '\Actor-Mixer Hierarchy\Factory Motion\Motion Factory Assets\Ramps\Stutter Ramps\Stutter Ramps Up\Short Stutter Ramps Up\Wwise Motion Source' uses the source plugin 'Wwise Motion Source', which is not installed.
The Plug-in 'Wwise Motion Source' was not found for '\Actor-Mixer Hierarchy\Factory Motion\Motion Factory Assets\Ramps\Stutter Ramps\Stutter Ramps Up\Long Stutter Ramps Up\Wwise Motion Source'. Edition and playback won't be available for this object.
The source '\Actor-Mixer Hierarchy\Factory Motion\Motion Factory Assets\Ramps\Stutter Ramps\Stutter Ramps Up\Long Stutter Ramps Up\Wwise Motion Source' uses the source plugin 'Wwise Motion Source', which is not installed.
The Plug-in 'Wwise Motion Source' was not found for '\Actor-Mixer Hierarchy\Factory Motion\Motion Factory Assets\Ramps\Stutter Ramps\Stutter Ramps Down\Short Stutter Ramps Down\Wwise Motion Source'. Edition and playback won't be available for this object.
The source '\Actor-Mixer Hierarchy\Factory Motion\Motion Factory Assets\Ramps\Stutter Ramps\Stutter Ramps Down\Short Stutter Ramps Down\Wwise Motion Source' uses the source plugin 'Wwise Motion Source', which is not installed.
The Plug-in 'Wwise Motion Source' was not found for '\Actor-Mixer Hierarchy\Factory Motion\Motion Factory Assets\Ramps\Stutter Ramps\Stutter Ramps Down\Long Stutter Ramps Down\Wwise Motion Source'. Edition and playback won't be available for this object.
The source '\Actor-Mixer Hierarchy\Factory Motion\Motion Factory Assets\Ramps\Stutter Ramps\Stutter Ramps Down\Long Stutter Ramps Down\Wwise Motion Source' uses the source plugin 'Wwise Motion Source', which is not installed.
The Plug-in 'Wwise Motion Source' was not found for '\Actor-Mixer Hierarchy\Factory Motion\Motion Factory Assets\Ramps\Pass By\Pass By 1\Wwise Motion Source'. Edition and playback won't be available for this object.
The source '\Actor-Mixer Hierarchy\Factory Motion\Motion Factory Assets\Ramps\Pass By\Pass By 1\Wwise Motion Source' uses the source plugin 'Wwise Motion Source', which is not installed.
The Plug-in 'Wwise Motion Source' was not found for '\Actor-Mixer Hierarchy\Factory Motion\Motion Factory Assets\Ramps\Pass By\Pass By 1 Miror\Wwise Motion Source'. Edition and playback won't be available for this object.
The source '\Actor-Mixer Hierarchy\Factory Motion\Motion Factory Assets\Ramps\Pass By\Pass By 1 Miror\Wwise Motion Source' uses the source plugin 'Wwise Motion Source', which is not installed.
The Plug-in 'Wwise Motion Source' was not found for '\Actor-Mixer Hierarchy\Factory Motion\Motion Factory Assets\Ramps\Pass By\Pass By 2\Wwise Motion Source'. Edition and playback won't be available for this object.
The source '\Actor-Mixer Hierarchy\Factory Motion\Motion Factory Assets\Ramps\Pass By\Pass By 2\Wwise Motion Source' uses the source plugin 'Wwise Motion Source', which is not installed.
The Plug-in 'Wwise Motion Source' was not found for '\Actor-Mixer Hierarchy\Factory Motion\Motion Factory Assets\Ramps\Pass By\Pass By 2 Miror\Wwise Motion Source'. Edition and playback won't be available for this object.
The source '\Actor-Mixer Hierarchy\Factory Motion\Motion Factory Assets\Ramps\Pass By\Pass By 2 Miror\Wwise Motion Source' uses the source plugin 'Wwise Motion Source', which is not installed.
The Plug-in 'SoundSeed Air Wind' was not found for '\Actor-Mixer Hierarchy\Factory SoundSeed Air Objects\Static Presets (wave file substitutions)\Non-Windy Ambiences\Surf\Surf\SoundSeed Wind'. Edition and playback won't be available for this object.
The source '\Actor-Mixer Hierarchy\Factory SoundSeed Air Objects\Static Presets (wave file substitutions)\Non-Windy Ambiences\Surf\Surf\SoundSeed Wind' uses the source plugin 'SoundSeed Air Wind', which is not installed.
The Plug-in 'SoundSeed Air Wind' was not found for '\Actor-Mixer Hierarchy\Factory SoundSeed Air Objects\Static Presets (wave file substitutions)\Non-Windy Ambiences\Surf\Random Wavebreak\Random_Wave01\SoundSeed Wind'. Edition and playback won't be available for this object.
The source '\Actor-Mixer Hierarchy\Factory SoundSeed Air Objects\Static Presets (wave file substitutions)\Non-Windy Ambiences\Surf\Random Wavebreak\Random_Wave01\SoundSeed Wind' uses the source plugin 'SoundSeed Air Wind', which is not installed.
The Plug-in 'SoundSeed Air Wind' was not found for '\Actor-Mixer Hierarchy\Factory SoundSeed Air Objects\Static Presets (wave file substitutions)\Non-Windy Ambiences\Surf\Random Wavebreak\Random_Wave02\SoundSeed Wind'. Edition and playback won't be available for this object.
The source '\Actor-Mixer Hierarchy\Factory SoundSeed Air Objects\Static Presets (wave file substitutions)\Non-Windy Ambiences\Surf\Random Wavebreak\Random_Wave02\SoundSeed Wind' uses the source plugin 'SoundSeed Air Wind', which is not installed.
The Plug-in 'SoundSeed Air Wind' was not found for '\Actor-Mixer Hierarchy\Factory SoundSeed Air Objects\Static Presets (wave file substitutions)\Non-Windy Ambiences\Surf\Random Wavebreak\Random_Wave03\SoundSeed Wind'. Edition and playback won't be available for this object.
The source '\Actor-Mixer Hierarchy\Factory SoundSeed Air Objects\Static Presets (wave file substitutions)\Non-Windy Ambiences\Surf\Random Wavebreak\Random_Wave03\SoundSeed Wind' uses the source plugin 'SoundSeed Air Wind', which is not installed.
The Plug-in 'SoundSeed Air Wind' was not found for '\Actor-Mixer Hierarchy\Factory SoundSeed Air Objects\Static Presets (wave file substitutions)\Non-Windy Ambiences\Urban Scene\Background City Noise\Ville'. Edition and playback won't be available for this object.
The source '\Actor-Mixer Hierarchy\Factory SoundSeed Air Objects\Static Presets (wave file substitutions)\Non-Windy Ambiences\Urban Scene\Background City Noise\Ville' uses the source plugin 'SoundSeed Air Wind', which is not installed.
The Plug-in 'SoundSeed Air Woosh' was not found for '\Actor-Mixer Hierarchy\Factory SoundSeed Air Objects\Static Presets (wave file substitutions)\Non-Windy Ambiences\Urban Scene\Random Car Pass-by_02\Car Pass-by\SoundSeed Woosh'. Edition and playback won't be available for this object.
The source '\Actor-Mixer Hierarchy\Factory SoundSeed Air Objects\Static Presets (wave file substitutions)\Non-Windy Ambiences\Urban Scene\Random Car Pass-by_02\Car Pass-by\SoundSeed Woosh' uses the source plugin 'SoundSeed Air Woosh', which is not installed.
The Plug-in 'SoundSeed Air Woosh' was not found for '\Actor-Mixer Hierarchy\Factory SoundSeed Air Objects\Static Presets (wave file substitutions)\Non-Windy Ambiences\Urban Scene\Random Car Pass-by_01\Car Pass-by\SoundSeed Woosh'. Edition and playback won't be available for this object.
The source '\Actor-Mixer Hierarchy\Factory SoundSeed Air Objects\Static Presets (wave file substitutions)\Non-Windy Ambiences\Urban Scene\Random Car Pass-by_01\Car Pass-by\SoundSeed Woosh' uses the source plugin 'SoundSeed Air Woosh', which is not installed.
The Plug-in 'SoundSeed Air Woosh' was not found for '\Actor-Mixer Hierarchy\Factory SoundSeed Air Objects\Static Presets (wave file substitutions)\Non-Windy Ambiences\Urban Scene\Random Car Pass-by_03\Car Pass-by\SoundSeed Woosh'. Edition and playback won't be available for this object.
The source '\Actor-Mixer Hierarchy\Factory SoundSeed Air Objects\Static Presets (wave file substitutions)\Non-Windy Ambiences\Urban Scene\Random Car Pass-by_03\Car Pass-by\SoundSeed Woosh' uses the source plugin 'SoundSeed Air Woosh', which is not installed.
The Plug-in 'SoundSeed Air Woosh' was not found for '\Actor-Mixer Hierarchy\Factory SoundSeed Air Objects\Static Presets (wave file substitutions)\Non-Windy Ambiences\Urban Scene\Random Car Pass-by_04\Car Pass-by\SoundSeed Woosh'. Edition and playback won't be available for this object.
The source '\Actor-Mixer Hierarchy\Factory SoundSeed Air Objects\Static Presets (wave file substitutions)\Non-Windy Ambiences\Urban Scene\Random Car Pass-by_04\Car Pass-by\SoundSeed Woosh' uses the source plugin 'SoundSeed Air Woosh', which is not installed.
The Plug-in 'SoundSeed Air Woosh' was not found for '\Actor-Mixer Hierarchy\Factory SoundSeed Air Objects\Static Presets (wave file substitutions)\Non-Windy Ambiences\Urban Scene\Random Car Pass-by_05\Car Pass-by\SoundSeed Woosh'. Edition and playback won't be available for this object.
The source '\Actor-Mixer Hierarchy\Factory SoundSeed Air Objects\Static Presets (wave file substitutions)\Non-Windy Ambiences\Urban Scene\Random Car Pass-by_05\Car Pass-by\SoundSeed Woosh' uses the source plugin 'SoundSeed Air Woosh', which is not installed.
The Plug-in 'SoundSeed Air Woosh' was not found for '\Actor-Mixer Hierarchy\Factory SoundSeed Air Objects\Static Presets (wave file substitutions)\Non-Windy Ambiences\Urban Scene\Random Car Pass-by_06\Car Pass-by\SoundSeed Woosh'. Edition and playback won't be available for this object.
The source '\Actor-Mixer Hierarchy\Factory SoundSeed Air Objects\Static Presets (wave file substitutions)\Non-Windy Ambiences\Urban Scene\Random Car Pass-by_06\Car Pass-by\SoundSeed Woosh' uses the source plugin 'SoundSeed Air Woosh', which is not installed.
The Plug-in 'SoundSeed Air Woosh' was not found for '\Actor-Mixer Hierarchy\Factory SoundSeed Air Objects\Static Presets (wave file substitutions)\Weapons\Zorro\SoundSeed Woosh'. Edition and playback won't be available for this object.
The source '\Actor-Mixer Hierarchy\Factory SoundSeed Air Objects\Static Presets (wave file substitutions)\Weapons\Zorro\SoundSeed Woosh' uses the source plugin 'SoundSeed Air Woosh', which is not installed.
The Plug-in 'SoundSeed Air Woosh' was not found for '\Actor-Mixer Hierarchy\Factory SoundSeed Air Objects\Static Presets (wave file substitutions)\Weapons\Fly-By Dagger\SoundSeed Woosh'. Edition and playback won't be available for this object.
The source '\Actor-Mixer Hierarchy\Factory SoundSeed Air Objects\Static Presets (wave file substitutions)\Weapons\Fly-By Dagger\SoundSeed Woosh' uses the source plugin 'SoundSeed Air Woosh', which is not installed.
The Plug-in 'SoundSeed Air Woosh' was not found for '\Actor-Mixer Hierarchy\Factory SoundSeed Air Objects\Static Presets (wave file substitutions)\Weapons\Generic Weapon Swing\SoundSeed Woosh'. Edition and playback won't be available for this object.
The source '\Actor-Mixer Hierarchy\Factory SoundSeed Air Objects\Static Presets (wave file substitutions)\Weapons\Generic Weapon Swing\SoundSeed Woosh' uses the source plugin 'SoundSeed Air Woosh', which is not installed.
The Plug-in 'SoundSeed Air Woosh' was not found for '\Actor-Mixer Hierarchy\Factory SoundSeed Air Objects\Static Presets (wave file substitutions)\Weapons\Ogre's Club Swing\SoundSeed Woosh'. Edition and playback won't be available for this object.
The source '\Actor-Mixer Hierarchy\Factory SoundSeed Air Objects\Static Presets (wave file substitutions)\Weapons\Ogre's Club Swing\SoundSeed Woosh' uses the source plugin 'SoundSeed Air Woosh', which is not installed.
The Plug-in 'SoundSeed Air Woosh' was not found for '\Actor-Mixer Hierarchy\Factory SoundSeed Air Objects\Static Presets (wave file substitutions)\Weapons\Wooden Staff\SoundSeed Woosh'. Edition and playback won't be available for this object.
The source '\Actor-Mixer Hierarchy\Factory SoundSeed Air Objects\Static Presets (wave file substitutions)\Weapons\Wooden Staff\SoundSeed Woosh' uses the source plugin 'SoundSeed Air Woosh', which is not installed.
The Plug-in 'SoundSeed Air Woosh' was not found for '\Actor-Mixer Hierarchy\Factory SoundSeed Air Objects\Static Presets (wave file substitutions)\Weapons\Arrows\Arrows_03\Arrow\SoundSeed Air Woosh'. Edition and playback won't be available for this object.
The source '\Actor-Mixer Hierarchy\Factory SoundSeed Air Objects\Static Presets (wave file substitutions)\Weapons\Arrows\Arrows_03\Arrow\SoundSeed Air Woosh' uses the source plugin 'SoundSeed Air Woosh', which is not installed.
The Plug-in 'SoundSeed Air Woosh' was not found for '\Actor-Mixer Hierarchy\Factory SoundSeed Air Objects\Static Presets (wave file substitutions)\Weapons\Arrows\Arrows_01\Arrow\SoundSeed Air Woosh'. Edition and playback won't be available for this object.
The source '\Actor-Mixer Hierarchy\Factory SoundSeed Air Objects\Static Presets (wave file substitutions)\Weapons\Arrows\Arrows_01\Arrow\SoundSeed Air Woosh' uses the source plugin 'SoundSeed Air Woosh', which is not installed.
The Plug-in 'SoundSeed Air Woosh' was not found for '\Actor-Mixer Hierarchy\Factory SoundSeed Air Objects\Static Presets (wave file substitutions)\Weapons\Arrows\Arrows_02\Arrow\SoundSeed Air Woosh'. Edition and playback won't be available for this object.
The source '\Actor-Mixer Hierarchy\Factory SoundSeed Air Objects\Static Presets (wave file substitutions)\Weapons\Arrows\Arrows_02\Arrow\SoundSeed Air Woosh' uses the source plugin 'SoundSeed Air Woosh', which is not installed.
The Plug-in 'SoundSeed Air Woosh' was not found for '\Actor-Mixer Hierarchy\Factory SoundSeed Air Objects\Static Presets (wave file substitutions)\Weapons\Arrows\Arrows_04\Arrow\SoundSeed Air Woosh'. Edition and playback won't be available for this object.
The source '\Actor-Mixer Hierarchy\Factory SoundSeed Air Objects\Static Presets (wave file substitutions)\Weapons\Arrows\Arrows_04\Arrow\SoundSeed Air Woosh' uses the source plugin 'SoundSeed Air Woosh', which is not installed.
The Plug-in 'SoundSeed Air Woosh' was not found for '\Actor-Mixer Hierarchy\Factory SoundSeed Air Objects\Static Presets (wave file substitutions)\Weapons\Arrows\Arrows_05\Arrow\SoundSeed Air Woosh'. Edition and playback won't be available for this object.
The source '\Actor-Mixer Hierarchy\Factory SoundSeed Air Objects\Static Presets (wave file substitutions)\Weapons\Arrows\Arrows_05\Arrow\SoundSeed Air Woosh' uses the source plugin 'SoundSeed Air Woosh', which is not installed.
The Plug-in 'SoundSeed Air Woosh' was not found for '\Actor-Mixer Hierarchy\Factory SoundSeed Air Objects\Static Presets (wave file substitutions)\Weapons\Arrows\Arrows_06\Arrow\SoundSeed Air Woosh'. Edition and playback won't be available for this object.
The source '\Actor-Mixer Hierarchy\Factory SoundSeed Air Objects\Static Presets (wave file substitutions)\Weapons\Arrows\Arrows_06\Arrow\SoundSeed Air Woosh' uses the source plugin 'SoundSeed Air Woosh', which is not installed.
The Plug-in 'SoundSeed Air Woosh' was not found for '\Actor-Mixer Hierarchy\Factory SoundSeed Air Objects\Static Presets (wave file substitutions)\Golf Club\SoundSeed Woosh'. Edition and playback won't be available for this object.
The source '\Actor-Mixer Hierarchy\Factory SoundSeed Air Objects\Static Presets (wave file substitutions)\Golf Club\SoundSeed Woosh' uses the source plugin 'SoundSeed Air Woosh', which is not installed.
The Plug-in 'SoundSeed Air Wind' was not found for '\Actor-Mixer Hierarchy\Factory SoundSeed Air Objects\Static Presets (wave file substitutions)\Wind Ambiences\Eerie Tunnel\SoundSeed Air Wind'. Edition and playback won't be available for this object.
The source '\Actor-Mixer Hierarchy\Factory SoundSeed Air Objects\Static Presets (wave file substitutions)\Wind Ambiences\Eerie Tunnel\SoundSeed Air Wind' uses the source plugin 'SoundSeed Air Wind', which is not installed.
The Plug-in 'SoundSeed Air Wind' was not found for '\Actor-Mixer Hierarchy\Factory SoundSeed Air Objects\Static Presets (wave file substitutions)\Wind Ambiences\Grove\SoundSeed Air Wind'. Edition and playback won't be available for this object.
The source '\Actor-Mixer Hierarchy\Factory SoundSeed Air Objects\Static Presets (wave file substitutions)\Wind Ambiences\Grove\SoundSeed Air Wind' uses the source plugin 'SoundSeed Air Wind', which is not installed.
The Plug-in 'SoundSeed Air Wind' was not found for '\Actor-Mixer Hierarchy\Factory SoundSeed Air Objects\Static Presets (wave file substitutions)\Wind Ambiences\Polar Winds\SoundSeed Air Wind'. Edition and playback won't be available for this object.
The source '\Actor-Mixer Hierarchy\Factory SoundSeed Air Objects\Static Presets (wave file substitutions)\Wind Ambiences\Polar Winds\SoundSeed Air Wind' uses the source plugin 'SoundSeed Air Wind', which is not installed.
The Plug-in 'SoundSeed Air Wind' was not found for '\Actor-Mixer Hierarchy\Factory SoundSeed Air Objects\Static Presets (wave file substitutions)\Wind Ambiences\Weeping Willows\SoundSeed Air Wind'. Edition and playback won't be available for this object.
The source '\Actor-Mixer Hierarchy\Factory SoundSeed Air Objects\Static Presets (wave file substitutions)\Wind Ambiences\Weeping Willows\SoundSeed Air Wind' uses the source plugin 'SoundSeed Air Wind', which is not installed.
The Plug-in 'SoundSeed Air Woosh' was not found for '\Actor-Mixer Hierarchy\Factory SoundSeed Air Objects\Game Driven Presets\Vehicles\Chopper\SoundSeed Air Woosh'. Edition and playback won't be available for this object.
The source '\Actor-Mixer Hierarchy\Factory SoundSeed Air Objects\Game Driven Presets\Vehicles\Chopper\SoundSeed Air Woosh' uses the source plugin 'SoundSeed Air Woosh', which is not installed.
The Plug-in 'SoundSeed Air Woosh' was not found for '\Actor-Mixer Hierarchy\Factory SoundSeed Air Objects\Game Driven Presets\Vehicles\Locomotive\SoundSeed Air Woosh'. Edition and playback won't be available for this object.
The source '\Actor-Mixer Hierarchy\Factory SoundSeed Air Objects\Game Driven Presets\Vehicles\Locomotive\SoundSeed Air Woosh' uses the source plugin 'SoundSeed Air Woosh', which is not installed.
The Plug-in 'SoundSeed Air Woosh' was not found for '\Actor-Mixer Hierarchy\Factory SoundSeed Air Objects\Game Driven Presets\Vehicles\Car Pass-by\SoundSeed Woosh'. Edition and playback won't be available for this object.
The source '\Actor-Mixer Hierarchy\Factory SoundSeed Air Objects\Game Driven Presets\Vehicles\Car Pass-by\SoundSeed Woosh' uses the source plugin 'SoundSeed Air Woosh', which is not installed.
The Plug-in 'SoundSeed Air Wind' was not found for '\Actor-Mixer Hierarchy\Factory SoundSeed Air Objects\Game Driven Presets\Vehicles\Airplane\Jets\SoundSeed Air Wind'. Edition and playback won't be available for this object.
The source '\Actor-Mixer Hierarchy\Factory SoundSeed Air Objects\Game Driven Presets\Vehicles\Airplane\Jets\SoundSeed Air Wind' uses the source plugin 'SoundSeed Air Wind', which is not installed.
The Plug-in 'SoundSeed Air Wind' was not found for '\Actor-Mixer Hierarchy\Factory SoundSeed Air Objects\Game Driven Presets\Vehicles\Airplane\Rumble\SoundSeed Air Wind'. Edition and playback won't be available for this object.
The source '\Actor-Mixer Hierarchy\Factory SoundSeed Air Objects\Game Driven Presets\Vehicles\Airplane\Rumble\SoundSeed Air Wind' uses the source plugin 'SoundSeed Air Wind', which is not installed.
The Plug-in 'SoundSeed Air Woosh' was not found for '\Actor-Mixer Hierarchy\Factory SoundSeed Air Objects\Game Driven Presets\Weapons\Arrows\Arrow\SoundSeed Air Woosh'. Edition and playback won't be available for this object.
The source '\Actor-Mixer Hierarchy\Factory SoundSeed Air Objects\Game Driven Presets\Weapons\Arrows\Arrow\SoundSeed Air Woosh' uses the source plugin 'SoundSeed Air Woosh', which is not installed.
The Plug-in 'SoundSeed Air Woosh' was not found for '\Actor-Mixer Hierarchy\Factory SoundSeed Air Objects\Game Driven Presets\Weapons\Fly-By Dagger\SoundSeed Woosh'. Edition and playback won't be available for this object.
The source '\Actor-Mixer Hierarchy\Factory SoundSeed Air Objects\Game Driven Presets\Weapons\Fly-By Dagger\SoundSeed Woosh' uses the source plugin 'SoundSeed Air Woosh', which is not installed.
The Plug-in 'SoundSeed Air Woosh' was not found for '\Actor-Mixer Hierarchy\Factory SoundSeed Air Objects\Game Driven Presets\Weapons\Generic Weapon Swing\SoundSeed Woosh'. Edition and playback won't be available for this object.
The source '\Actor-Mixer Hierarchy\Factory SoundSeed Air Objects\Game Driven Presets\Weapons\Generic Weapon Swing\SoundSeed Woosh' uses the source plugin 'SoundSeed Air Woosh', which is not installed.
The Plug-in 'SoundSeed Air Woosh' was not found for '\Actor-Mixer Hierarchy\Factory SoundSeed Air Objects\Game Driven Presets\Weapons\Ogre's Club Swing\SoundSeed Woosh'. Edition and playback won't be available for this object.
The source '\Actor-Mixer Hierarchy\Factory SoundSeed Air Objects\Game Driven Presets\Weapons\Ogre's Club Swing\SoundSeed Woosh' uses the source plugin 'SoundSeed Air Woosh', which is not installed.
The Plug-in 'SoundSeed Air Woosh' was not found for '\Actor-Mixer Hierarchy\Factory SoundSeed Air Objects\Game Driven Presets\Weapons\Wooden Staff\SoundSeed Woosh'. Edition and playback won't be available for this object.
The source '\Actor-Mixer Hierarchy\Factory SoundSeed Air Objects\Game Driven Presets\Weapons\Wooden Staff\SoundSeed Woosh' uses the source plugin 'SoundSeed Air Woosh', which is not installed.
The Plug-in 'SoundSeed Air Wind' was not found for '\Actor-Mixer Hierarchy\Factory SoundSeed Air Objects\Game Driven Presets\Wind Ambiences\Eerie Tunnel\SoundSeed Air Wind'. Edition and playback won't be available for this object.
The source '\Actor-Mixer Hierarchy\Factory SoundSeed Air Objects\Game Driven Presets\Wind Ambiences\Eerie Tunnel\SoundSeed Air Wind' uses the source plugin 'SoundSeed Air Wind', which is not installed.
The Plug-in 'SoundSeed Air Wind' was not found for '\Actor-Mixer Hierarchy\Factory SoundSeed Air Objects\Game Driven Presets\Wind Ambiences\Grove\SoundSeed Air Wind'. Edition and playback won't be available for this object.
The source '\Actor-Mixer Hierarchy\Factory SoundSeed Air Objects\Game Driven Presets\Wind Ambiences\Grove\SoundSeed Air Wind' uses the source plugin 'SoundSeed Air Wind', which is not installed.
The Plug-in 'SoundSeed Air Wind' was not found for '\Actor-Mixer Hierarchy\Factory SoundSeed Air Objects\Game Driven Presets\Wind Ambiences\Kansas\SoundSeed Air Wind'. Edition and playback won't be available for this object.
The source '\Actor-Mixer Hierarchy\Factory SoundSeed Air Objects\Game Driven Presets\Wind Ambiences\Kansas\SoundSeed Air Wind' uses the source plugin 'SoundSeed Air Wind', which is not installed.
The Plug-in 'SoundSeed Air Wind' was not found for '\Actor-Mixer Hierarchy\Factory SoundSeed Air Objects\Game Driven Presets\Wind Ambiences\Polar Winds\SoundSeed Air Wind'. Edition and playback won't be available for this object.
The source '\Actor-Mixer Hierarchy\Factory SoundSeed Air Objects\Game Driven Presets\Wind Ambiences\Polar Winds\SoundSeed Air Wind' uses the source plugin 'SoundSeed Air Wind', which is not installed.
The Plug-in 'SoundSeed Air Wind' was not found for '\Actor-Mixer Hierarchy\Factory SoundSeed Air Objects\Game Driven Presets\Wind Ambiences\Weeping Willows\SoundSeed Air Wind'. Edition and playback won't be available for this object.
The source '\Actor-Mixer Hierarchy\Factory SoundSeed Air Objects\Game Driven Presets\Wind Ambiences\Weeping Willows\SoundSeed Air Wind' uses the source plugin 'SoundSeed Air Wind', which is not installed.
The Plug-in 'SoundSeed Air Woosh' was not found for '\Actor-Mixer Hierarchy\Factory SoundSeed Air Objects\Game Driven Presets\Wings\SoundSeed Air Woosh'. Edition and playback won't be available for this object.
The source '\Actor-Mixer Hierarchy\Factory SoundSeed Air Objects\Game Driven Presets\Wings\SoundSeed Air Woosh' uses the source plugin 'SoundSeed Air Woosh', which is not installed.
The Plug-in 'SoundSeed Air Wind' was not found for '\Actor-Mixer Hierarchy\Factory SoundSeed Air Objects\Game Driven Presets\Waterfall\SoundSeed Wind'. Edition and playback won't be available for this object.
The source '\Actor-Mixer Hierarchy\Factory SoundSeed Air Objects\Game Driven Presets\Waterfall\SoundSeed Wind' uses the source plugin 'SoundSeed Air Wind', which is not installed.
The Plug-in 'SoundSeed Air Wind' was not found for '\Actor-Mixer Hierarchy\Factory SoundSeed Air Objects\Game Driven Presets\Parachute Jump\SoundSeed Air Wind'. Edition and playback won't be available for this object.
The source '\Actor-Mixer Hierarchy\Factory SoundSeed Air Objects\Game Driven Presets\Parachute Jump\SoundSeed Air Wind' uses the source plugin 'SoundSeed Air Wind', which is not installed.
The Plug-in 'Wwise Reflect' was not found for '\Effects\Factory Reflect\Wwise_Reflect'. Edition and playback won't be available for this object.
'\Effects\Factory Reflect\Wwise_Reflect' uses the audio effect plugin 'Wwise Reflect', which is not installed.
The Plug-in 'Wwise Reflect' was not found for '\Effects\Factory Reflect\Wwise_Reflect_Simplified'. Edition and playback won't be available for this object.
'\Effects\Factory Reflect\Wwise_Reflect_Simplified' uses the audio effect plugin 'Wwise Reflect', which is not installed.
Some new object properties have been added or obsolete properties deleted. The project file was updated. These changes will not have an impact on your project.
